ERROR 1045 (28000): Access denied for user 'jgarza'@'cold1.useractive.com' (using password: YES)
Welcome to the MySQL monitor.  Commands end with ; or \g.
Your MySQL connection id is 1776658
Server version: 5.1.71-log Source distribution

Copyright (c) 2000, 2013, Oracle and/or its affiliates. All rights reserved.

Oracle is a registered trademark of Oracle Corporation and/or its
affiliates. Other names may be trademarks of their respective
owners.

Type 'help;' or '\h' for help. Type '\c' to clear the current input statement.

mysql> source dba1lesson5project1.sql
Query OK, 0 rows affected (0.00 sec)

Query OK, 0 rows affected (0.00 sec)

+------------+-----------+-----------+----------------------+-----------------+------------------+
| CustomerID | FirstName | LastName  | Address              | EmailAddress    | FavoriteArtistID |
+------------+-----------+-----------+----------------------+-----------------+------------------+
|          1 | Alice     | Jones     | 123 Ash Street       | alice@home.com  |                1 |
|          2 | Bob       | Smith     | 234 Birch Street     | bob@home.com    |                2 |
|          3 | Carol     | Hernandez | 345 Conifer Street   | carol@home.com  |                2 |
|          4 | David     | Goldsmith | 456 Date Palm Street | david@home.com  |                4 |
|          5 | Eunice    | Cho       | 567 Evergreen Street | eunice@home.com |                1 |
+------------+-----------+-----------+----------------------+-----------------+------------------+
5 rows in set (0.00 sec)

Query OK, 0 rows affected (0.00 sec)

Query OK, 1 row affected (0.01 sec)

Query OK, 1 row affected (0.00 sec)
Rows matched: 1  Changed: 1  Warnings: 0

+------------+-----------+-----------+----------------------+-----------------+------------------+
| CustomerID | FirstName | LastName  | Address              | EmailAddress    | FavoriteArtistID |
+------------+-----------+-----------+----------------------+-----------------+------------------+
|          2 | Barbara   | Smith     | 234 Birch Street     | bob@home.com    |                2 |
|          3 | Carol     | Hernandez | 345 Conifer Street   | carol@home.com  |                2 |
|          4 | David     | Goldsmith | 456 Date Palm Street | david@home.com  |                4 |
|          5 | Eunice    | Cho       | 567 Evergreen Street | eunice@home.com |                1 |
+------------+-----------+-----------+----------------------+-----------------+------------------+
4 rows in set (0.00 sec)

Query OK, 0 rows affected (0.01 sec)

+------------+-----------+-----------+----------------------+-----------------+------------------+
| CustomerID | FirstName | LastName  | Address              | EmailAddress    | FavoriteArtistID |
+------------+-----------+-----------+----------------------+-----------------+------------------+
|          1 | Alice     | Jones     | 123 Ash Street       | alice@home.com  |                1 |
|          2 | Bob       | Smith     | 234 Birch Street     | bob@home.com    |                2 |
|          3 | Carol     | Hernandez | 345 Conifer Street   | carol@home.com  |                2 |
|          4 | David     | Goldsmith | 456 Date Palm Street | david@home.com  |                4 |
|          5 | Eunice    | Cho       | 567 Evergreen Street | eunice@home.com |                1 |
+------------+-----------+-----------+----------------------+-----------------+------------------+
5 rows in set (0.00 sec)

mysql> exit
